<?xml version="1.0" encoding="UTF-8"?>
<!-- Generated by org.testng.reporters.JUnitXMLReporter -->
<testsuite hostname="DESKTOP-3GQUVPH" ignored="0" name="BankingApp" tests="1" failures="1" timestamp="2021-02-07T15:39:31 IST" time="32.075" errors="0">
  <testcase name="loginDDT" time="4.958" classname="com.eNetBanking.testCases.TC_LoginTestDDT_002">
    <failure type="junit.framework.AssertionFailedError">
      <![CDATA[junit.framework.AssertionFailedError
at junit.framework.Assert.fail(Assert.java:47)
at junit.framework.Assert.assertTrue(Assert.java:20)
at junit.framework.Assert.assertTrue(Assert.java:27)
at com.eNetBanking.testCases.TC_LoginTestDDT_002.loginDDT(TC_LoginTestDDT_002.java:34)
at java.util.ArrayList.forEach(ArrayList.java:1257)
... Removed 30 stack frames]]>
    </failure>
  </testcase> <!-- loginDDT -->
</testsuite> <!-- BankingApp -->
