<?xml version="1.0" encoding="UTF-8"?>
<testsuite name="TestSuite" time="4.988" tests="1" errors="0" skipped="0" failures="1">
  <properties>
[...]
</properties>
  <testcase name="loginDDT" classname="com.eNetBanking.testCases.TC_LoginTestDDT_002" time="4.988">
    <failure type="junit.framework.AssertionFailedError:">junit.framework.AssertionFailedError: null
	at junit.framework.Assert.fail(Assert.java:47)
	at junit.framework.Assert.assertTrue(Assert.java:20)
	at junit.framework.Assert.assertTrue(Assert.java:27)
	at com.eNetBanking.testCases.TC_LoginTestDDT_002.loginDDT(TC_LoginTestDDT_002.java:34)
</failure>
    <system-out><![CDATA[ INFO [main] (BaseClass.java:65)- URL Opened
 INFO [main] (TC_LoginTestDDT_002.java:23)- Username provided
 INFO [main] (TC_LoginTestDDT_002.java:25)- Password provided
 INFO [main] (TC_LoginTestDDT_002.java:27)- Clicked on submit
]]></system-out>
    <system-err><![CDATA[1612692541314	mozrunner::runner	INFO	Running command: "C:\\Program Files\\Mozilla Firefox\\firefox.exe" "-marionette" "-foreground" "-no-remote" "-profile" "C:\\Users\\AppCloud\\AppData\\Local\\Temp\\rust_mozprofilebCw3eM"
JavaScript error: resource://gre/modules/XULStore.jsm, line 66: Error: Can't find profile directory.
console.warn: SearchSettings: "get: No settings file exists, new profile?" (new Error("", "(unknown module)"))
console.error: Region.jsm: "Error fetching region" (new Error("TIMEOUT", "resource://gre/modules/Region.jsm", 775))
console.error: Region.jsm: "Failed to fetch region" (new Error("TIMEOUT", "resource://gre/modules/Region.jsm", 422))
1612692553608	Marionette	INFO	Listening on port 49982
1612692554146	Marionette	WARN	TLS certificate errors will be ignored for this session
1612692554190	Marionette	ERROR	[18] No reply from Marionette:Register
Feb 07, 2021 3:39:14 PM org.openqa.selenium.remote.ProtocolHandshake createSession
INFO: Detected dialect: W3C
JavaScript error: http://www.demo.guru99.com/V4/index.php, line 1: SyntaxError: missing ) after argument list
]]></system-err>
  </testcase>
</testsuite>